<?xml version="1.0" encoding="UTF-8"?>
<!-- Generated by org.testng.reporters.JUnitReportReporter -->
<testsuite hostname="LAPTOP-QMK202VJ" failures="0" tests="10" name="testclasses.Testing" time="37.053" errors="0" timestamp="2022-04-26T11:51:27 IST" skipped="9">
  <testcase classname="testclasses.Testing" name="tc0" time="37.053"/>
  <system-out/>
  <testcase classname="testclasses.Testing" name="tc6">
    <skipped/>
  </testcase> <!-- tc6 -->
  <system-out/>
  <testcase classname="testclasses.Testing" name="tc3">
    <skipped/>
  </testcase> <!-- tc3 -->
  <system-out/>
  <testcase classname="testclasses.Testing" name="tc4">
    <skipped/>
  </testcase> <!-- tc4 -->
  <system-out/>
  <testcase classname="testclasses.Testing" name="tc1">
    <skipped/>
  </testcase> <!-- tc1 -->
  <system-out/>
  <testcase classname="testclasses.Testing" name="tc2">
    <skipped/>
  </testcase> <!-- tc2 -->
  <system-out/>
  <testcase classname="testclasses.Testing" name="tc9">
    <skipped/>
  </testcase> <!-- tc9 -->
  <system-out/>
  <testcase classname="testclasses.Testing" name="tc7">
    <skipped/>
  </testcase> <!-- tc7 -->
  <system-out/>
  <testcase classname="testclasses.Testing" name="tc8">
    <skipped/>
  </testcase> <!-- tc8 -->
  <system-out/>
  <testcase classname="testclasses.Testing" name="tc5">
    <skipped/>
  </testcase> <!-- tc5 -->
  <system-out/>
</testsuite> <!-- testclasses.Testing -->
